e:\project\qtwidgetsapplication\x64\debug\main.obj
e:\project\qtwidgetsapplication\x64\debug\qtwidgetsapplication.obj
e:\project\qtwidgetsapplication\x64\debug\vc142.pdb
e:\project\qtwidgetsapplication\x64\debug\qrc_qtwidgetsapplication.obj
e:\project\qtwidgetsapplication\x64\debug\moc_qtwidgetsapplication.obj
e:\project\qtwidgetsapplication\x64\debug\qtwidgetsapplication.ilk
e:\project\qtwidgetsapplication\x64\debug\qtwidgetsapplication.exe
e:\project\qtwidgetsapplication\x64\debug\qtwidgetsapplication.pdb
e:\project\qtwidgetsapplication\x64\debug\\moc\moc_qtwidgetsapplication.cpp
e:\project\qtwidgetsapplication\x64\debug\uic\ui_qtwidgetsapplication.h
e:\project\qtwidgetsapplication\x64\debug\rcc\qrc_qtwidgetsapplication.cpp
e:\project\qtwidgetsapplication\x64\debug\moc\moc_qtwidgetsapplication.cpp
e:\project\qtwidgetsapplication\x64\debug\\rcc\qrc_qtwidgetsapplication.cpp
e:\project\qtwidgetsapplication\x64\debug\\uic\ui_qtwidgetsapplication.h
e:\project\qtwidgetsapplication\x64\debug\qtwidget.6d87b4d9.tlog\cl.13008.write.1.tlog
e:\project\qtwidgetsapplication\x64\debug\qtwidget.6d87b4d9.tlog\cl.command.1.tlog
e:\project\qtwidgetsapplication\x64\debug\qtwidget.6d87b4d9.tlog\cl.read.1.tlog
e:\project\qtwidgetsapplication\x64\debug\qtwidget.6d87b4d9.tlog\link.command.1.tlog
e:\project\qtwidgetsapplication\x64\debug\qtwidget.6d87b4d9.tlog\link.read.1.tlog
e:\project\qtwidgetsapplication\x64\debug\qtwidget.6d87b4d9.tlog\link.write.1.tlog
e:\project\qtwidgetsapplication\x64\debug\qtwidget.6d87b4d9.tlog\moc.read.1u.tlog
e:\project\qtwidgetsapplication\x64\debug\qtwidget.6d87b4d9.tlog\moc.write.1u.tlog
e:\project\qtwidgetsapplication\x64\debug\qtwidget.6d87b4d9.tlog\qtwidgetsapplication.write.1u.tlog
e:\project\qtwidgetsapplication\x64\debug\qtwidget.6d87b4d9.tlog\rcc.read.1u.tlog
e:\project\qtwidgetsapplication\x64\debug\qtwidget.6d87b4d9.tlog\rcc.write.1u.tlog
e:\project\qtwidgetsapplication\x64\debug\qtwidget.6d87b4d9.tlog\uic.read.1u.tlog
e:\project\qtwidgetsapplication\x64\debug\qtwidget.6d87b4d9.tlog\uic.write.1u.tlog
